0 info it worked if it ends with ok
1 verbose cli [ '/usr/bin/node', '/usr/bin/npm', 'run', 'build-scss' ]
2 info using npm@3.5.2
3 info using node@v8.10.0
4 verbose run-script [ 'prebuild-scss', 'build-scss', 'postbuild-scss' ]
5 info lifecycle austinb_portfolio_theme@1.0.0~prebuild-scss: austinb_portfolio_theme@1.0.0
6 silly lifecycle austinb_portfolio_theme@1.0.0~prebuild-scss: no script for prebuild-scss, continuing
7 info lifecycle austinb_portfolio_theme@1.0.0~build-scss: austinb_portfolio_theme@1.0.0
8 verbose lifecycle austinb_portfolio_theme@1.0.0~build-scss: unsafe-perm in lifecycle true
9 verbose lifecycle austinb_portfolio_theme@1.0.0~build-scss: PATH: /usr/share/npm/bin/node-gyp-bin:/home/austinb/development/Portfolios/Austin-B-Portfolio-2021-Container/austin-b-portfolio-2021/web/themes/custom/austinb_portfolio_theme/node_modules/.bin:/usr/local/sbin:/usr/local/bin:/usr/sbin:/usr/bin:/sbin:/bin:/usr/games:/usr/local/games:/usr/lib/wsl/lib:/mnt/c/Windows/system32:/mnt/c/Windows:/mnt/c/Windows/System32/Wbem:/mnt/c/Windows/System32/WindowsPowerShell/v1.0/:/mnt/c/Windows/System32/OpenSSH/:/mnt/c/Program Files (x86)/NVIDIA Corporation/PhysX/Common:/mnt/c/Program Files/NVIDIA Corporation/NVIDIA NvDLISR:/mnt/c/WINDOWS/system32:/mnt/c/WINDOWS:/mnt/c/WINDOWS/System32/Wbem:/mnt/c/WINDOWS/System32/WindowsPowerShell/v1.0/:/mnt/c/WINDOWS/System32/OpenSSH/:/mnt/c/xampp/php:/mnt/c/Program Files/dotnet/:/mnt/c/Program Files/php:/mnt/c/ProgramData/ComposerSetup/bin:/mnt/c/Program Files/Docker/Docker/resources/bin:/mnt/c/ProgramData/DockerDesktop/version-bin:/mnt/c/Users/austi/AppData/Local/Microsoft/WindowsApps:/mnt/c/Users/austi/AppData/Local/Programs/Microsoft VS Code/bin:/mnt/c/Users/austi/AppData/Local/Programs/oh-my-posh/bin:/mnt/c/Users/austi/AppData/Local/Programs/oh-my-posh/themes:/mnt/c/Users/austi/AppData/Roaming/Composer/vendor/bin:/snap/bin
10 verbose lifecycle austinb_portfolio_theme@1.0.0~build-scss: CWD: /home/austinb/development/Portfolios/Austin-B-Portfolio-2021-Container/austin-b-portfolio-2021/web/themes/custom/austinb_portfolio_theme
11 silly lifecycle austinb_portfolio_theme@1.0.0~build-scss: Args: [ '-c', 'gulp sass' ]
12 silly lifecycle austinb_portfolio_theme@1.0.0~build-scss: Returned: code: 1  signal: null
13 info lifecycle austinb_portfolio_theme@1.0.0~build-scss: Failed to exec build-scss script
14 verbose stack Error: austinb_portfolio_theme@1.0.0 build-scss: `gulp sass`
14 verbose stack Exit status 1
14 verbose stack     at EventEmitter.<anonymous> (/usr/share/npm/lib/utils/lifecycle.js:232:16)
14 verbose stack     at emitTwo (events.js:126:13)
14 verbose stack     at EventEmitter.emit (events.js:214:7)
14 verbose stack     at ChildProcess.<anonymous> (/usr/share/npm/lib/utils/spawn.js:24:14)
14 verbose stack     at emitTwo (events.js:126:13)
14 verbose stack     at ChildProcess.emit (events.js:214:7)
14 verbose stack     at maybeClose (internal/child_process.js:925:16)
14 verbose stack     at Process.ChildProcess._handle.onexit (internal/child_process.js:209:5)
15 verbose pkgid austinb_portfolio_theme@1.0.0
16 verbose cwd /home/austinb/development/Portfolios/Austin-B-Portfolio-2021-Container/austin-b-portfolio-2021/web/themes/custom/austinb_portfolio_theme
17 error Linux 5.10.102.1-microsoft-standard-WSL2
18 error argv "/usr/bin/node" "/usr/bin/npm" "run" "build-scss"
19 error node v8.10.0
20 error npm  v3.5.2
21 error code ELIFECYCLE
22 error austinb_portfolio_theme@1.0.0 build-scss: `gulp sass`
22 error Exit status 1
23 error Failed at the austinb_portfolio_theme@1.0.0 build-scss script 'gulp sass'.
23 error Make sure you have the latest version of node.js and npm installed.
23 error If you do, this is most likely a problem with the austinb_portfolio_theme package,
23 error not with npm itself.
23 error Tell the author that this fails on your system:
23 error     gulp sass
23 error You can get information on how to open an issue for this project with:
23 error     npm bugs austinb_portfolio_theme
23 error Or if that isn't available, you can get their info via:
23 error     npm owner ls austinb_portfolio_theme
23 error There is likely additional logging output above.
24 verbose exit [ 1, true ]
